Environment variables:
  - !::=::\
  - =C:=C:\Program Files\Microsoft Office\Office14
  - =D:=D:\
  - ALLUSERSPROFILE=C:\ProgramData
  - APPDATA=C:\Users\manjushrig\AppData\Roaming
  - COMMONPROGRAMFILES=C:\Program Files\Common Files
  - COMMONPROGRAMFILES(X86)=C:\Program Files (x86)\Common Files
  - COMMONPROGRAMW6432=C:\Program Files\Common Files
  - COMPUTERNAME=MANJUSHRIG
  - COMSPEC=C:\Windows\system32\cmd.exe
  - CVSROOT=:sspi:localhost:/myrepo
  - CVS_SERVER_SLEEP=120000
  - FP_NO_HOST_CHECK=NO
  - GNUPGHOME=c:/Users/manjushrig/.gnupg
  - HISTFILE=c:/Users/manjushrig/.bash_history
  - HOME=c:/Users/manjushrig
  - HOMEDRIVE=C:
  - HOMEPATH=\Users\manjushrig
  - INPUTRC=C:/Program Files (x86)/Git/etc/inputrc
  - JAVA_HOME=C:\Program Files\Java\jdk1.8.0_101
  - LESS=-FRSX
  - LESSCHARSET=utf-8
  - LOCALAPPDATA=C:\Users\manjushrig\AppData\Local
  - LOGNAME=manjushrig
  - LOGONSERVER=\\CT-DC-1-1
  - M2_HOME=C:\maven3
  - MAKE_MODE=unix
  - MAVEN_HOME=C:\maven3
  - MSYSTEM=MINGW32
  - NUMBER_OF_PROCESSORS=4
  - OS=Windows_NT
  - PATH=c:\Users\manjushrig\bin;.;C:\Program Files (x86)\Git\local\bin;C:\Program Files (x86)\Git\mingw\bin;C:\Program Files (x86)\Git\bin;C:\Program Files (x86)\Git\bin;C:\Program Files (x86)\Git\bin;C:\Program Files (x86)\Git\bin;C:\Program Files (x86)\Git\bin;C:\Program Files (x86)\Git\bin;C:\Program Files (x86)\Git\bin;c:\ProgramData\Oracle\Java\javapath;c:\Program Files (x86)\Intel\iCLS Client\;c:\Program Files\Intel\iCLS Client\;c:\Windows\system32;c:\Windows;c:\Windows\System32\Wbem;c:\Windows\System32\WindowsPowerShell\v1.0\;c:\Program Files\Intel\Intel(R) Management Engine Components\DAL;c:\Program Files\Intel\Intel(R) Management Engine Components\IPT;c:\Program Files (x86)\Intel\Intel(R) Management Engine Components\DAL;c:\Program Files (x86)\Intel\Intel(R) Management Engine Components\IPT;c:\Program Files\TortoiseGit\bin;c:\Program Files (x86)\Skype\Phone\;d:\task\GetName\bin\Debug;c:\Program Files\Java\jdk1.8.0_101\bin;c:\maven3\bin;c:\Windows\system32\config\systemprofile\.dnx\bin;c:\Program Files\Microsoft DNX\Dnvm\;c:\Program Files (x86)\Windows Kits\8.1\Windows Performance Toolkit\;c:\Program Files\Microsoft SQL Server\120\Tools\Binn\;c:\Program Files\Microsoft SQL Server\130\Tools\Binn\;c:\PROGRA~2\cvsnt;c:\Users\manjushrig\Desktop\sonar-scanner-2.8\sonar-scanner-2.8\bin;c:\Program Files\Amazon\AWSCLI\;c:\Program Files\nodejs\;.;c:\Users\manjushrig\AppData\Roaming\npm
  - PATHEXT=.COM;.EXE;.BAT;.CMD;.VBS;.VBE;.JS;.JSE;.WSF;.WSH;.MSC
  - PLINK_PROTOCOL=ssh
  - PROCESSOR_ARCHITECTURE=AMD64
  - PROCESSOR_IDENTIFIER=Intel64 Family 6 Model 60 Stepping 3, GenuineIntel
  - PROCESSOR_LEVEL=6
  - PROCESSOR_REVISION=3c03
  - PROGRAMDATA=C:\ProgramData
  - PROGRAMFILES=C:\Program Files
  - PROGRAMFILES(X86)=C:\Program Files (x86)
  - PROGRAMW6432=C:\Program Files
  - PROMPT=$P$G
  - PUBLIC=C:\Users\Public
  - PWD=d:/ALM Project/new-javademo
  - SESSIONNAME=Console
  - SHLVL=2
  - SYSTEMDRIVE=C:
  - SYSTEMROOT=C:\Windows
  - TEMP=C:/Users/MANJUS~1/AppData/Local/Temp
  - TERM=cygwin
  - TMP=C:/Users/MANJUS~1/AppData/Local/Temp
  - USERDNSDOMAIN=CYBAGE.COM
  - USERDOMAIN=CYBAGE
  - USERDOMAIN_ROAMINGPROFILE=CYBAGE
  - USERNAME=manjushrig
  - USERPROFILE=C:\Users\manjushrig
  - VBOX_MSI_INSTALL_PATH=C:\Program Files\Oracle\VirtualBox\
  - VS110COMNTOOLS=C:\Program Files (x86)\Microsoft Visual Studio 11.0\Common7\Tools\
  - VS120COMNTOOLS=C:\Program Files (x86)\Microsoft Visual Studio 12.0\Common7\Tools\
  - VS140COMNTOOLS=C:\Program Files (x86)\Microsoft Visual Studio 14.0\Common7\Tools\
  - WECVERSIONFORROSEBUD.13E4=4
  - WINDIR=C:\Windows
System properties:
  - awt.toolkit=sun.awt.windows.WToolkit
  - file.encoding=Cp1252
  - file.encoding.pkg=sun.io
  - file.separator=\
  - java.awt.graphicsenv=sun.awt.Win32GraphicsEnvironment
  - java.awt.headless=true
  - java.awt.printerjob=sun.awt.windows.WPrinterJob
  - java.class.path=c:/Users/manjushrig/Desktop/sonar-scanner-2.8/sonar-scanner-2.8/lib/sonar-scanner-cli-2.8.jar
  - java.class.version=52.0
  - java.endorsed.dirs=c:\Program Files\Java\jdk1.8.0_101\jre\lib\endorsed
  - java.ext.dirs=c:\Program Files\Java\jdk1.8.0_101\jre\lib\ext;C:\Windows\Sun\Java\lib\ext
  - java.home=c:\Program Files\Java\jdk1.8.0_101\jre
  - java.io.tmpdir=C:\Users\MANJUS~1\AppData\Local\Temp\
  - java.library.path=c:\Program Files\Java\jdk1.8.0_101\bin;C:\Windows\Sun\Java\bin;C:\Windows\system32;C:\Windows;c:\Users\manjushrig\bin;.;C:\Program Files (x86)\Git\local\bin;C:\Program Files (x86)\Git\mingw\bin;C:\Program Files (x86)\Git\bin;C:\Program Files (x86)\Git\bin;C:\Program Files (x86)\Git\bin;C:\Program Files (x86)\Git\bin;C:\Program Files (x86)\Git\bin;C:\Program Files (x86)\Git\bin;C:\Program Files (x86)\Git\bin;c:\ProgramData\Oracle\Java\javapath;c:\Program Files (x86)\Intel\iCLS Client\;c:\Program Files\Intel\iCLS Client\;c:\Windows\system32;c:\Windows;c:\Windows\System32\Wbem;c:\Windows\System32\WindowsPowerShell\v1.0\;c:\Program Files\Intel\Intel(R) Management Engine Components\DAL;c:\Program Files\Intel\Intel(R) Management Engine Components\IPT;c:\Program Files (x86)\Intel\Intel(R) Management Engine Components\DAL;c:\Program Files (x86)\Intel\Intel(R) Management Engine Components\IPT;c:\Program Files\TortoiseGit\bin;c:\Program Files (x86)\Skype\Phone\;d:\task\GetName\bin\Debug;c:\Program Files\Java\jdk1.8.0_101\bin;c:\maven3\bin;c:\Windows\system32\config\systemprofile\.dnx\bin;c:\Program Files\Microsoft DNX\Dnvm\;c:\Program Files (x86)\Windows Kits\8.1\Windows Performance Toolkit\;c:\Program Files\Microsoft SQL Server\120\Tools\Binn\;c:\Program Files\Microsoft SQL Server\130\Tools\Binn\;c:\PROGRA~2\cvsnt;c:\Users\manjushrig\Desktop\sonar-scanner-2.8\sonar-scanner-2.8\bin;c:\Program Files\Amazon\AWSCLI\;c:\Program Files\nodejs\;.;c:\Users\manjushrig\AppData\Roaming\npm;.
  - java.runtime.name=Java(TM) SE Runtime Environment
  - java.runtime.version=1.8.0_101-b13
  - java.specification.name=Java Platform API Specification
  - java.specification.vendor=Oracle Corporation
  - java.specification.version=1.8
  - java.vendor=Oracle Corporation
  - java.vendor.url=http://java.oracle.com/
  - java.vendor.url.bug=http://bugreport.sun.com/bugreport/
  - java.version=1.8.0_101
  - java.vm.info=mixed mode
  - java.vm.name=Java HotSpot(TM) 64-Bit Server VM
  - java.vm.specification.name=Java Virtual Machine Specification
  - java.vm.specification.vendor=Oracle Corporation
  - java.vm.specification.version=1.8
  - java.vm.vendor=Oracle Corporation
  - java.vm.version=25.101-b13
  - line.separator=

  - os.arch=amd64
  - os.name=Windows 8.1
  - os.version=6.3
  - path.separator=;
  - project.home=d:/ALM Project/new-javademo
  - scanner.home=c:/Users/manjushrig/Desktop/sonar-scanner-2.8/sonar-scanner-2.8
  - sun.arch.data.model=64
  - sun.boot.class.path=c:\Program Files\Java\jdk1.8.0_101\jre\lib\resources.jar;c:\Program Files\Java\jdk1.8.0_101\jre\lib\rt.jar;c:\Program Files\Java\jdk1.8.0_101\jre\lib\sunrsasign.jar;c:\Program Files\Java\jdk1.8.0_101\jre\lib\jsse.jar;c:\Program Files\Java\jdk1.8.0_101\jre\lib\jce.jar;c:\Program Files\Java\jdk1.8.0_101\jre\lib\charsets.jar;c:\Program Files\Java\jdk1.8.0_101\jre\lib\jfr.jar;c:\Program Files\Java\jdk1.8.0_101\jre\classes
  - sun.boot.library.path=c:\Program Files\Java\jdk1.8.0_101\jre\bin
  - sun.cpu.endian=little
  - sun.cpu.isalist=amd64
  - sun.desktop=windows
  - sun.io.unicode.encoding=UnicodeLittle
  - sun.java.command=org.sonarsource.scanner.cli.Main -X
  - sun.java.launcher=SUN_STANDARD
  - sun.jnu.encoding=Cp1252
  - sun.management.compiler=HotSpot 64-Bit Tiered Compilers
  - sun.os.patch.level=
  - sun.stderr.encoding=cp437
  - sun.stdout.encoding=cp437
  - user.country=US
  - user.dir=d:\ALM Project\new-javademo
  - user.home=C:\Users\manjushrig
  - user.language=en
  - user.name=manjushrig
  - user.script=
  - user.timezone=Asia/Calcutta
  - user.variant=
SonarQube plugins:
  - GitHub 1.4.0.699 (github)
  - Findbugs 3.4.4 (findbugs)
  - C# 5.0 (csharp)
  - Java 3.13.1 (java)
  - PMD 2.6 (pmd)
  - Git 1.2 (scmgit)
  - GitHub Authentication for SonarQube 1.3 (authgithub)
  - PHP 2.9.2.1744 (php)
  - Checkstyle 3.5.1 (checkstyle)
  - SVN 1.3 (scmsvn)
  - JavaScript 2.11 (javascript)
Global properties:
  - sonar.auth.github.allowUsersToSignUp=true
  - sonar.auth.github.clientId.secured=******
  - sonar.auth.github.clientSecret.secured=******
  - sonar.auth.github.enabled=true
  - sonar.auth.github.loginStrategy=Unique
  - sonar.core.id=20170307130302
  - sonar.core.startTime=2017-03-07T13:03:02+0530
  - sonar.core.version=5.6.4
  - sonar.permission.template.default=default_template
  - sonar.qualitygate=1
Settings for module: java_sonar1
  - sonar.binaries=./target
  - sonar.branch=feature
  - sonar.host.url=http://172.27.59.254:9000
  - sonar.language=java
  - sonar.login=******
  - sonar.password=******
  - sonar.projectBaseDir=d:\ALM Project\new-javademo
  - sonar.projectKey=java_sonar1
  - sonar.projectName=java_sonar1
  - sonar.projectVersion=1.2
  - sonar.sourceEncoding=UTF-8
  - sonar.sources=.
  - sonar.verbose=true
  - sonar.working.directory=d:\ALM Project\new-javademo\.sonar
